[ 2016-09-23T08:06:50+08:00 ] 127.0.0.1 /168/index.php/Home/Login/index.html
ERR: 模板不存在:./Apps/Home/Template/Login/index.html

[ 2016-09-23T08:49:41+08:00 ] 127.0.0.1 /168/index.php/Home/Login/ck_uname
INFO: [ app_begin ] --START--
INFO: Run Behavior\ReadHtmlCacheBehavior [ RunTime:0.002000s ]
INFO: [ app_begin ] --END-- [ RunTime:0.003001s ]
SQL: SHOW COLUMNS FROM `168app_user` [ RunTime:0.0330s ]
SQL: SELECT * FROM `168app_user` WHERE `uname` = '000' LIMIT 1   [ RunTime:0.0010s ]
INFO: [ app_end ] --START--
INFO: Run Behavior\ShowPageTraceBehavior [ RunTime:0.003000s ]
INFO: [ app_end ] --END-- [ RunTime:0.003000s ]

[ 2016-09-23T09:46:55+08:00 ] 127.0.0.1 /168/index.php/Home/Login/ck_uname
INFO: [ app_begin ] --START--
INFO: Run Behavior\ReadHtmlCacheBehavior [ RunTime:0.001000s ]
INFO: [ app_begin ] --END-- [ RunTime:0.002000s ]
SQL: SHOW COLUMNS FROM `168app_user` [ RunTime:0.0070s ]
SQL: SELECT * FROM `168app_user` WHERE `uname` = '000' LIMIT 1   [ RunTime:0.0010s ]
INFO: [ app_end ] --START--
INFO: Run Behavior\ShowPageTraceBehavior [ RunTime:0.001000s ]
INFO: [ app_end ] --END-- [ RunTime:0.001000s ]

[ 2016-09-23T09:47:21+08:00 ] 127.0.0.1 /168/index.php/Home/Login/ck_uname
INFO: [ app_begin ] --START--
INFO: Run Behavior\ReadHtmlCacheBehavior [ RunTime:0.001000s ]
INFO: [ app_begin ] --END-- [ RunTime:0.002000s ]
SQL: SHOW COLUMNS FROM `168app_user` [ RunTime:0.0050s ]
SQL: SELECT * FROM `168app_user` WHERE `uname` = 'hxb0810' LIMIT 1   [ RunTime:0.0000s ]
INFO: [ app_end ] --START--
INFO: Run Behavior\ShowPageTraceBehavior [ RunTime:0.001000s ]
INFO: [ app_end ] --END-- [ RunTime:0.001000s ]

[ 2016-09-23T09:55:21+08:00 ] 127.0.0.1 /168/index.php/Home/Login/ck_uname
INFO: [ app_begin ] --START--
INFO: Run Behavior\ReadHtmlCacheBehavior [ RunTime:0.001000s ]
INFO: [ app_begin ] --END-- [ RunTime:0.002000s ]
SQL: SHOW COLUMNS FROM `168app_user` [ RunTime:0.0060s ]
SQL: SELECT * FROM `168app_user` WHERE `uname` = '000' LIMIT 1   [ RunTime:0.0010s ]
INFO: [ app_end ] --START--
INFO: Run Behavior\ShowPageTraceBehavior [ RunTime:0.001000s ]
INFO: [ app_end ] --END-- [ RunTime:0.001000s ]

[ 2016-09-23T15:47:14+08:00 ] 127.0.0.1 /168/index.php/Home/Login/ck_uname
INFO: [ app_begin ] --START--
INFO: Run Behavior\ReadHtmlCacheBehavior [ RunTime:0.001000s ]
INFO: [ app_begin ] --END-- [ RunTime:0.003000s ]
SQL: SHOW COLUMNS FROM `168app_user` [ RunTime:0.0060s ]
SQL: SELECT * FROM `168app_user` WHERE `uname` = 'hxb0810' LIMIT 1   [ RunTime:0.0000s ]
INFO: [ app_end ] --START--
INFO: Run Behavior\ShowPageTraceBehavior [ RunTime:0.001000s ]
INFO: [ app_end ] --END-- [ RunTime:0.001000s ]

[ 2016-09-23T15:49:43+08:00 ] 127.0.0.1 /168/index.php/Home/Login/ck_uname
INFO: [ app_begin ] --START--
INFO: Run Behavior\ReadHtmlCacheBehavior [ RunTime:0.001000s ]
INFO: [ app_begin ] --END-- [ RunTime:0.002000s ]
SQL: SHOW COLUMNS FROM `168app_user` [ RunTime:0.0080s ]
SQL: SELECT * FROM `168app_user` WHERE `uname` = 'hxb0810' LIMIT 1   [ RunTime:0.0010s ]
INFO: [ app_end ] --START--
INFO: Run Behavior\ShowPageTraceBehavior [ RunTime:0.001000s ]
INFO: [ app_end ] --END-- [ RunTime:0.001000s ]

[ 2016-09-23T15:52:22+08:00 ] 127.0.0.1 /168/index.php/Home/Login/ck_uname
INFO: [ app_begin ] --START--
INFO: Run Behavior\ReadHtmlCacheBehavior [ RunTime:0.001000s ]
INFO: [ app_begin ] --END-- [ RunTime:0.002000s ]
SQL: SHOW COLUMNS FROM `168app_user` [ RunTime:0.0060s ]
SQL: SELECT * FROM `168app_user` WHERE `uname` = 'hxb0810' LIMIT 1   [ RunTime:0.0010s ]
INFO: [ app_end ] --START--
INFO: Run Behavior\ShowPageTraceBehavior [ RunTime:0.001000s ]
INFO: [ app_end ] --END-- [ RunTime:0.001000s ]

[ 2016-09-23T15:52:28+08:00 ] 127.0.0.1 /168/index.php/Home/Login/ck_uname
INFO: [ app_begin ] --START--
INFO: Run Behavior\ReadHtmlCacheBehavior [ RunTime:0.001000s ]
INFO: [ app_begin ] --END-- [ RunTime:0.002001s ]
SQL: SHOW COLUMNS FROM `168app_user` [ RunTime:0.0050s ]
SQL: SELECT * FROM `168app_user` WHERE `uname` = 'hxb0810' LIMIT 1   [ RunTime:0.0010s ]
INFO: [ app_end ] --START--
INFO: Run Behavior\ShowPageTraceBehavior [ RunTime:0.002000s ]
INFO: [ app_end ] --END-- [ RunTime:0.002000s ]

[ 2016-09-23T15:52:34+08:00 ] 127.0.0.1 /168/index.php/Home/Login/ck_uname
INFO: [ app_begin ] --START--
INFO: Run Behavior\ReadHtmlCacheBehavior [ RunTime:0.001000s ]
INFO: [ app_begin ] --END-- [ RunTime:0.002000s ]
SQL: SHOW COLUMNS FROM `168app_user` [ RunTime:0.0050s ]
SQL: SELECT * FROM `168app_user` WHERE `uname` = 'hxb0810' LIMIT 1   [ RunTime:0.0010s ]
INFO: [ app_end ] --START--
INFO: Run Behavior\ShowPageTraceBehavior [ RunTime:0.002000s ]
INFO: [ app_end ] --END-- [ RunTime:0.002000s ]

[ 2016-09-23T15:54:01+08:00 ] 127.0.0.1 /168/index.php/Home/Login/ck_uname
INFO: [ app_begin ] --START--
INFO: Run Behavior\ReadHtmlCacheBehavior [ RunTime:0.001000s ]
INFO: [ app_begin ] --END-- [ RunTime:0.003000s ]
ERR: 非法操作:ck_uname

[ 2016-09-23T15:54:11+08:00 ] 127.0.0.1 /168/index.php/Home/Login/code
ERR: 非法操作:code

[ 2016-09-23T15:54:12+08:00 ] 127.0.0.1 /168/index.php/Home/Login/code
ERR: 非法操作:code

[ 2016-09-23T15:54:13+08:00 ] 127.0.0.1 /168/index.php/Home/Login/code
ERR: 非法操作:code

[ 2016-09-23T15:54:14+08:00 ] 127.0.0.1 /168/index.php/Home/Login/code
ERR: 非法操作:code

[ 2016-09-23T15:54:18+08:00 ] 127.0.0.1 /168/index.php/Home/Login/ck_uname
INFO: [ app_begin ] --START--
INFO: Run Behavior\ReadHtmlCacheBehavior [ RunTime:0.001000s ]
INFO: [ app_begin ] --END-- [ RunTime:0.003000s ]
ERR: 非法操作:ck_uname

[ 2016-09-23T15:54:28+08:00 ] 127.0.0.1 /168/index.php/Home/Login/ck_uname
INFO: [ app_begin ] --START--
INFO: Run Behavior\ReadHtmlCacheBehavior [ RunTime:0.001000s ]
INFO: [ app_begin ] --END-- [ RunTime:0.002000s ]
ERR: 非法操作:ck_uname

[ 2016-09-23T15:55:39+08:00 ] 127.0.0.1 /168/index.php/Home/Login/code
ERR: 非法操作:code

[ 2016-09-23T15:55:42+08:00 ] 127.0.0.1 /168/index.php/Home/Login0/ck_uname
INFO: [ app_begin ] --START--
INFO: Run Behavior\ReadHtmlCacheBehavior [ RunTime:0.001000s ]
INFO: [ app_begin ] --END-- [ RunTime:0.001000s ]
ERR: 非法操作:ck_uname

[ 2016-09-23T15:55:42+08:00 ] 127.0.0.1 /168/index.php/Home/Login0/ck_uname
INFO: [ app_begin ] --START--
INFO: Run Behavior\ReadHtmlCacheBehavior [ RunTime:0.001000s ]
INFO: [ app_begin ] --END-- [ RunTime:0.002000s ]
ERR: 非法操作:ck_uname

[ 2016-09-23T15:58:16+08:00 ] 127.0.0.1 /168/index.php/Home/Login0/ck_uname
INFO: [ app_begin ] --START--
INFO: Run Behavior\ReadHtmlCacheBehavior [ RunTime:0.001000s ]
INFO: [ app_begin ] --END-- [ RunTime:0.002000s ]
ERR: 非法操作:ck_uname

[ 2016-09-23T15:58:35+08:00 ] 127.0.0.1 /168/index.php/Home/Login0/ck_uname
INFO: [ app_begin ] --START--
INFO: Run Behavior\ReadHtmlCacheBehavior [ RunTime:0.001000s ]
INFO: [ app_begin ] --END-- [ RunTime:0.001000s ]
ERR: 非法操作:ck_uname

[ 2016-09-23T15:58:42+08:00 ] 127.0.0.1 /168/index.php/Home/Login/ck_uname
INFO: [ app_begin ] --START--
INFO: Run Behavior\ReadHtmlCacheBehavior [ RunTime:0.001000s ]
INFO: [ app_begin ] --END-- [ RunTime:0.002000s ]
SQL: SHOW COLUMNS FROM `168app_user` [ RunTime:0.0090s ]
SQL: SELECT * FROM `168app_user` WHERE `uname` = 'hxb0810' LIMIT 1   [ RunTime:0.0010s ]
INFO: [ app_end ] --START--
INFO: Run Behavior\ShowPageTraceBehavior [ RunTime:0.001000s ]
INFO: [ app_end ] --END-- [ RunTime:0.001000s ]

[ 2016-09-23T15:59:02+08:00 ] 127.0.0.1 /168/index.php/Home/Login/ck_uname
INFO: [ app_begin ] --START--
INFO: Run Behavior\ReadHtmlCacheBehavior [ RunTime:0.002000s ]
INFO: [ app_begin ] --END-- [ RunTime:0.004001s ]
SQL: SHOW COLUMNS FROM `168app_user` [ RunTime:0.0080s ]
SQL: SELECT * FROM `168app_user` WHERE `uname` = '郝兴斌' LIMIT 1   [ RunTime:0.0000s ]
INFO: [ app_end ] --START--
INFO: Run Behavior\ShowPageTraceBehavior [ RunTime:0.001000s ]
INFO: [ app_end ] --END-- [ RunTime:0.001000s ]

[ 2016-09-23T15:59:50+08:00 ] 127.0.0.1 /168/index.php/Home/Login/ck_uname
INFO: [ app_begin ] --START--
INFO: Run Behavior\ReadHtmlCacheBehavior [ RunTime:0.001000s ]
INFO: [ app_begin ] --END-- [ RunTime:0.002000s ]
SQL: SHOW COLUMNS FROM `168app_user` [ RunTime:0.0060s ]
SQL: SELECT * FROM `168app_user` WHERE `nickname` = 'hxb0810' LIMIT 1   [ RunTime:0.0000s ]
INFO: [ app_end ] --START--
INFO: Run Behavior\ShowPageTraceBehavior [ RunTime:0.001000s ]
INFO: [ app_end ] --END-- [ RunTime:0.001000s ]

[ 2016-09-23T16:00:07+08:00 ] 127.0.0.1 /168/index.php/Home/Login/ck_uname
INFO: [ app_begin ] --START--
INFO: Run Behavior\ReadHtmlCacheBehavior [ RunTime:0.000000s ]
INFO: [ app_begin ] --END-- [ RunTime:0.001000s ]
SQL: SHOW COLUMNS FROM `168app_user` [ RunTime:0.0060s ]
SQL: SELECT * FROM `168app_user` WHERE `nickname` = 'hxb0810' LIMIT 1   [ RunTime:0.0000s ]
INFO: [ app_end ] --START--
INFO: Run Behavior\ShowPageTraceBehavior [ RunTime:0.001000s ]
INFO: [ app_end ] --END-- [ RunTime:0.001000s ]

[ 2016-09-23T16:00:16+08:00 ] 127.0.0.1 /168/index.php/Home/Login/ck_upass
INFO: [ app_begin ] --START--
INFO: Run Behavior\ReadHtmlCacheBehavior [ RunTime:0.001000s ]
INFO: [ app_begin ] --END-- [ RunTime:0.002000s ]
SQL: SHOW COLUMNS FROM `168app_user` [ RunTime:0.0050s ]
SQL: SELECT `upass` FROM `168app_user` WHERE `uname` = 'hxb0810' LIMIT 1   [ RunTime:0.0010s ]
INFO: [ app_end ] --START--
INFO: Run Behavior\ShowPageTraceBehavior [ RunTime:0.001000s ]
INFO: [ app_end ] --END-- [ RunTime:0.001000s ]

[ 2016-09-23T16:00:23+08:00 ] 127.0.0.1 /168/index.php/Home/Login/ck_upass
INFO: [ app_begin ] --START--
INFO: Run Behavior\ReadHtmlCacheBehavior [ RunTime:0.001000s ]
INFO: [ app_begin ] --END-- [ RunTime:0.002000s ]
SQL: SHOW COLUMNS FROM `168app_user` [ RunTime:0.0090s ]
SQL: SELECT `upass` FROM `168app_user` WHERE `uname` = 'hxb0810' LIMIT 1   [ RunTime:0.0010s ]
INFO: [ app_end ] --START--
INFO: Run Behavior\ShowPageTraceBehavior [ RunTime:0.001000s ]
INFO: [ app_end ] --END-- [ RunTime:0.002000s ]

[ 2016-09-23T16:00:24+08:00 ] 127.0.0.1 /168/index.php/Home/Login/ck_upass
INFO: [ app_begin ] --START--
INFO: Run Behavior\ReadHtmlCacheBehavior [ RunTime:0.001000s ]
INFO: [ app_begin ] --END-- [ RunTime:0.002000s ]
SQL: SHOW COLUMNS FROM `168app_user` [ RunTime:0.0050s ]
SQL: SELECT `upass` FROM `168app_user` WHERE `uname` = 'hxb0810' LIMIT 1   [ RunTime:0.0000s ]
INFO: [ app_end ] --START--
INFO: Run Behavior\ShowPageTraceBehavior [ RunTime:0.001001s ]
INFO: [ app_end ] --END-- [ RunTime:0.001001s ]

[ 2016-09-23T16:00:28+08:00 ] 127.0.0.1 /168/index.php/Home/Login/ck_upass
INFO: [ app_begin ] --START--
INFO: Run Behavior\ReadHtmlCacheBehavior [ RunTime:0.001000s ]
INFO: [ app_begin ] --END-- [ RunTime:0.002000s ]
SQL: SHOW COLUMNS FROM `168app_user` [ RunTime:0.0060s ]
SQL: SELECT `upass` FROM `168app_user` WHERE `uname` = 'hxb0810' LIMIT 1   [ RunTime:0.0010s ]
INFO: [ app_end ] --START--
INFO: Run Behavior\ShowPageTraceBehavior [ RunTime:0.001000s ]
INFO: [ app_end ] --END-- [ RunTime:0.001000s ]

[ 2016-09-23T16:00:29+08:00 ] 127.0.0.1 /168/index.php/Home/Login/ck_upass
INFO: [ app_begin ] --START--
INFO: Run Behavior\ReadHtmlCacheBehavior [ RunTime:0.001000s ]
INFO: [ app_begin ] --END-- [ RunTime:0.002000s ]
SQL: SHOW COLUMNS FROM `168app_user` [ RunTime:0.0050s ]
SQL: SELECT `upass` FROM `168app_user` WHERE `uname` = 'hxb0810' LIMIT 1   [ RunTime:0.0000s ]
INFO: [ app_end ] --START--
INFO: Run Behavior\ShowPageTraceBehavior [ RunTime:0.001000s ]
INFO: [ app_end ] --END-- [ RunTime:0.001000s ]

[ 2016-09-23T16:00:34+08:00 ] 127.0.0.1 /168/index.php/Home/Login/ck_uname
INFO: [ app_begin ] --START--
INFO: Run Behavior\ReadHtmlCacheBehavior [ RunTime:0.002000s ]
INFO: [ app_begin ] --END-- [ RunTime:0.004000s ]
SQL: SHOW COLUMNS FROM `168app_user` [ RunTime:0.0070s ]
SQL: SELECT * FROM `168app_user` WHERE `nickname` = 'hxb0810' LIMIT 1   [ RunTime:0.0010s ]
INFO: [ app_end ] --START--
INFO: Run Behavior\ShowPageTraceBehavior [ RunTime:0.001000s ]
INFO: [ app_end ] --END-- [ RunTime:0.001000s ]

[ 2016-09-23T16:00:44+08:00 ] 127.0.0.1 /168/index.php/Home/Login/ck_upass
INFO: [ app_begin ] --START--
INFO: Run Behavior\ReadHtmlCacheBehavior [ RunTime:0.002000s ]
INFO: [ app_begin ] --END-- [ RunTime:0.003000s ]
SQL: SHOW COLUMNS FROM `168app_user` [ RunTime:0.0060s ]
SQL: SELECT `upass` FROM `168app_user` WHERE `uname` = 'hxb0810' LIMIT 1   [ RunTime:0.0010s ]
INFO: [ app_end ] --START--
INFO: Run Behavior\ShowPageTraceBehavior [ RunTime:0.002000s ]
INFO: [ app_end ] --END-- [ RunTime:0.002000s ]

[ 2016-09-23T16:00:46+08:00 ] 127.0.0.1 /168/index.php/Home/Login/ck_upass
INFO: [ app_begin ] --START--
INFO: Run Behavior\ReadHtmlCacheBehavior [ RunTime:0.001000s ]
INFO: [ app_begin ] --END-- [ RunTime:0.002000s ]
SQL: SHOW COLUMNS FROM `168app_user` [ RunTime:0.0070s ]
SQL: SELECT `upass` FROM `168app_user` WHERE `uname` = 'hxb0810' LIMIT 1   [ RunTime:0.0000s ]
INFO: [ app_end ] --START--
INFO: Run Behavior\ShowPageTraceBehavior [ RunTime:0.001000s ]
INFO: [ app_end ] --END-- [ RunTime:0.001000s ]

[ 2016-09-23T16:02:01+08:00 ] 127.0.0.1 /168/index.php/Home/Login/ck_uname
INFO: [ app_begin ] --START--
INFO: Run Behavior\ReadHtmlCacheBehavior [ RunTime:0.000000s ]
INFO: [ app_begin ] --END-- [ RunTime:0.001000s ]
SQL: SHOW COLUMNS FROM `168app_user` [ RunTime:0.0070s ]
SQL: SELECT * FROM `168app_user` WHERE `nickname` = 'hxb0810' LIMIT 1   [ RunTime:0.0010s ]
INFO: [ app_end ] --START--
INFO: Run Behavior\ShowPageTraceBehavior [ RunTime:0.001000s ]
INFO: [ app_end ] --END-- [ RunTime:0.001000s ]

[ 2016-09-23T16:02:06+08:00 ] 127.0.0.1 /168/index.php/Home/Login/ck_upass
INFO: [ app_begin ] --START--
INFO: Run Behavior\ReadHtmlCacheBehavior [ RunTime:0.001001s ]
INFO: [ app_begin ] --END-- [ RunTime:0.003001s ]
SQL: SHOW COLUMNS FROM `168app_user` [ RunTime:0.0050s ]
SQL: SELECT `upass` FROM `168app_user` WHERE `uname` = 'hxb0810' LIMIT 1   [ RunTime:0.0010s ]
INFO: [ app_end ] --START--
INFO: Run Behavior\ShowPageTraceBehavior [ RunTime:0.002000s ]
INFO: [ app_end ] --END-- [ RunTime:0.002000s ]

[ 2016-09-23T16:02:20+08:00 ] 127.0.0.1 /168/index.php/Home/Login/ck_code
INFO: [ app_begin ] --START--
INFO: Run Behavior\ReadHtmlCacheBehavior [ RunTime:0.000000s ]
INFO: [ app_begin ] --END-- [ RunTime:0.001000s ]
INFO: [ app_end ] --START--
INFO: Run Behavior\ShowPageTraceBehavior [ RunTime:0.002000s ]
INFO: [ app_end ] --END-- [ RunTime:0.002000s ]

[ 2016-09-23T16:02:26+08:00 ] 127.0.0.1 /168/index.php/Home/Login/ck_upass
INFO: [ app_begin ] --START--
INFO: Run Behavior\ReadHtmlCacheBehavior [ RunTime:0.001000s ]
INFO: [ app_begin ] --END-- [ RunTime:0.002001s ]
SQL: SHOW COLUMNS FROM `168app_user` [ RunTime:0.0060s ]
SQL: SELECT `upass` FROM `168app_user` WHERE `uname` = 'hxb0810' LIMIT 1   [ RunTime:0.0010s ]
INFO: [ app_end ] --START--
INFO: Run Behavior\ShowPageTraceBehavior [ RunTime:0.002001s ]
INFO: [ app_end ] --END-- [ RunTime:0.002001s ]

[ 2016-09-23T16:02:38+08:00 ] 127.0.0.1 /168/index.php/Home/Login/ck_upass
INFO: [ app_begin ] --START--
INFO: Run Behavior\ReadHtmlCacheBehavior [ RunTime:0.001000s ]
INFO: [ app_begin ] --END-- [ RunTime:0.002000s ]
SQL: SHOW COLUMNS FROM `168app_user` [ RunTime:0.0100s ]
SQL: SELECT `upass` FROM `168app_user` WHERE `uname` = 'hxb0810' LIMIT 1   [ RunTime:0.0020s ]
INFO: [ app_end ] --START--
INFO: Run Behavior\ShowPageTraceBehavior [ RunTime:0.002000s ]
INFO: [ app_end ] --END-- [ RunTime:0.002000s ]

[ 2016-09-23T16:03:59+08:00 ] 127.0.0.1 /168/index.php/Home/Login/ck_uname
INFO: [ app_begin ] --START--
INFO: Run Behavior\ReadHtmlCacheBehavior [ RunTime:0.001000s ]
INFO: [ app_begin ] --END-- [ RunTime:0.002000s ]
SQL: SHOW COLUMNS FROM `168app_user` [ RunTime:0.0080s ]
SQL: SELECT * FROM `168app_user` WHERE `nickname` = 'hxb0810' LIMIT 1   [ RunTime:0.0010s ]
INFO: [ app_end ] --START--
INFO: Run Behavior\ShowPageTraceBehavior [ RunTime:0.002000s ]
INFO: [ app_end ] --END-- [ RunTime:0.002000s ]

[ 2016-09-23T16:04:05+08:00 ] 127.0.0.1 /168/index.php/Home/Login/ck_upass
INFO: [ app_begin ] --START--
INFO: Run Behavior\ReadHtmlCacheBehavior [ RunTime:0.001000s ]
INFO: [ app_begin ] --END-- [ RunTime:0.003000s ]
SQL: SHOW COLUMNS FROM `168app_user` [ RunTime:0.0490s ]
SQL: SELECT `upass` FROM `168app_user` WHERE `nickname` = 'hxb0810' LIMIT 1   [ RunTime:0.0010s ]
INFO: [ app_end ] --START--
INFO: Run Behavior\ShowPageTraceBehavior [ RunTime:0.003000s ]
INFO: [ app_end ] --END-- [ RunTime:0.005000s ]

[ 2016-09-23T16:04:13+08:00 ] 127.0.0.1 /168/index.php/Home/Login/ck_code
INFO: [ app_begin ] --START--
INFO: Run Behavior\ReadHtmlCacheBehavior [ RunTime:0.001000s ]
INFO: [ app_begin ] --END-- [ RunTime:0.002000s ]
INFO: [ app_end ] --START--
INFO: Run Behavior\ShowPageTraceBehavior [ RunTime:0.001000s ]
INFO: [ app_end ] --END-- [ RunTime:0.002000s ]

[ 2016-09-23T16:04:24+08:00 ] 127.0.0.1 /168/index.php/Home/Login/ck_upass
INFO: [ app_begin ] --START--
INFO: Run Behavior\ReadHtmlCacheBehavior [ RunTime:0.002000s ]
INFO: [ app_begin ] --END-- [ RunTime:0.008000s ]
SQL: SHOW COLUMNS FROM `168app_user` [ RunTime:0.0070s ]
SQL: SELECT `upass` FROM `168app_user` WHERE `nickname` = 'hxb0810' LIMIT 1   [ RunTime:0.0000s ]
INFO: [ app_end ] --START--
INFO: Run Behavior\ShowPageTraceBehavior [ RunTime:0.001000s ]
INFO: [ app_end ] --END-- [ RunTime:0.001000s ]

[ 2016-09-23T16:04:25+08:00 ] 127.0.0.1 /168/index.php/Home/Login/ck_code
INFO: [ app_begin ] --START--
INFO: Run Behavior\ReadHtmlCacheBehavior [ RunTime:0.001000s ]
INFO: [ app_begin ] --END-- [ RunTime:0.002000s ]
INFO: [ app_end ] --START--
INFO: Run Behavior\ShowPageTraceBehavior [ RunTime:0.003000s ]
INFO: [ app_end ] --END-- [ RunTime:0.003000s ]

[ 2016-09-23T16:04:40+08:00 ] 127.0.0.1 /168/index.php/Home/Login/ck_code
INFO: [ app_begin ] --START--
INFO: Run Behavior\ReadHtmlCacheBehavior [ RunTime:0.001000s ]
INFO: [ app_begin ] --END-- [ RunTime:0.002000s ]
INFO: [ app_end ] --START--
INFO: Run Behavior\ShowPageTraceBehavior [ RunTime:0.002001s ]
INFO: [ app_end ] --END-- [ RunTime:0.002001s ]

[ 2016-09-23T16:04:52+08:00 ] 127.0.0.1 /168/index.php/Home/Login/ck_code
INFO: [ app_begin ] --START--
INFO: Run Behavior\ReadHtmlCacheBehavior [ RunTime:0.001000s ]
INFO: [ app_begin ] --END-- [ RunTime:0.002000s ]
INFO: [ app_end ] --START--
INFO: Run Behavior\ShowPageTraceBehavior [ RunTime:0.002000s ]
INFO: [ app_end ] --END-- [ RunTime:0.002000s ]

[ 2016-09-23T16:04:53+08:00 ] 127.0.0.1 /168/index.php/Home/Login/ck_uname
INFO: [ app_begin ] --START--
INFO: Run Behavior\ReadHtmlCacheBehavior [ RunTime:0.001000s ]
INFO: [ app_begin ] --END-- [ RunTime:0.002000s ]
SQL: SHOW COLUMNS FROM `168app_user` [ RunTime:0.0060s ]
SQL: SELECT * FROM `168app_user` WHERE `nickname` = 'hxb0810' LIMIT 1   [ RunTime:0.0000s ]
INFO: [ app_end ] --START--
INFO: Run Behavior\ShowPageTraceBehavior [ RunTime:0.001001s ]
INFO: [ app_end ] --END-- [ RunTime:0.002001s ]

[ 2016-09-23T16:21:14+08:00 ] 127.0.0.1 /168/index.php/Home/Login/ck_uname
INFO: [ app_begin ] --START--
INFO: Run Behavior\ReadHtmlCacheBehavior [ RunTime:0.001000s ]
INFO: [ app_begin ] --END-- [ RunTime:0.004000s ]
SQL: SHOW COLUMNS FROM `168app_user` [ RunTime:0.0050s ]
SQL: SELECT * FROM `168app_user` WHERE `nickname` = 'hxb0810' LIMIT 1   [ RunTime:0.0000s ]
INFO: [ app_end ] --START--
INFO: Run Behavior\ShowPageTraceBehavior [ RunTime:0.001000s ]
INFO: [ app_end ] --END-- [ RunTime:0.002000s ]

[ 2016-09-23T16:21:14+08:00 ] 127.0.0.1 /168/index.php/Home/Login/ck_upass
INFO: [ app_begin ] --START--
INFO: Run Behavior\ReadHtmlCacheBehavior [ RunTime:0.001000s ]
INFO: [ app_begin ] --END-- [ RunTime:0.002000s ]
SQL: SHOW COLUMNS FROM `168app_user` [ RunTime:0.0050s ]
SQL: SELECT `upass` FROM `168app_user` WHERE `nickname` = 'hxb0810' LIMIT 1   [ RunTime:0.0000s ]
INFO: [ app_end ] --START--
INFO: Run Behavior\ShowPageTraceBehavior [ RunTime:0.001000s ]
INFO: [ app_end ] --END-- [ RunTime:0.001000s ]

[ 2016-09-23T16:21:14+08:00 ] 127.0.0.1 /168/index.php/Home/Login/ck_code
INFO: [ app_begin ] --START--
INFO: Run Behavior\ReadHtmlCacheBehavior [ RunTime:0.001000s ]
INFO: [ app_begin ] --END-- [ RunTime:0.002000s ]
INFO: [ app_end ] --START--
INFO: Run Behavior\ShowPageTraceBehavior [ RunTime:0.001001s ]
INFO: [ app_end ] --END-- [ RunTime:0.001001s ]

[ 2016-09-23T16:21:22+08:00 ] 127.0.0.1 /168/index.php/Home/Login/ck_code
INFO: [ app_begin ] --START--
INFO: Run Behavior\ReadHtmlCacheBehavior [ RunTime:0.000000s ]
INFO: [ app_begin ] --END-- [ RunTime:0.002000s ]
INFO: [ app_end ] --START--
INFO: Run Behavior\ShowPageTraceBehavior [ RunTime:0.001000s ]
INFO: [ app_end ] --END-- [ RunTime:0.002000s ]

[ 2016-09-23T16:44:50+08:00 ] 127.0.0.1 /168/index.php/Home/Login/ck_upass
INFO: [ app_begin ] --START--
INFO: Run Behavior\ReadHtmlCacheBehavior [ RunTime:0.001000s ]
INFO: [ app_begin ] --END-- [ RunTime:0.002000s ]
SQL: SHOW COLUMNS FROM `168app_user` [ RunTime:0.0050s ]
SQL: SELECT `upass` FROM `168app_user` WHERE `nickname` = null LIMIT 1   [ RunTime:0.0000s ]
INFO: [ app_end ] --START--
INFO: Run Behavior\ShowPageTraceBehavior [ RunTime:0.001000s ]
INFO: [ app_end ] --END-- [ RunTime:0.002000s ]

[ 2016-09-23T16:45:49+08:00 ] 127.0.0.1 /168/index.php/Home/Login/ck_code
INFO: [ app_begin ] --START--
INFO: Run Behavior\ReadHtmlCacheBehavior [ RunTime:0.001000s ]
INFO: [ app_begin ] --END-- [ RunTime:0.002000s ]
INFO: [ app_end ] --START--
INFO: Run Behavior\ShowPageTraceBehavior [ RunTime:0.003001s ]
INFO: [ app_end ] --END-- [ RunTime:0.003001s ]

[ 2016-09-23T16:46:01+08:00 ] 127.0.0.1 /168/index.php/Home/Login/ck_code
INFO: [ app_begin ] --START--
INFO: Run Behavior\ReadHtmlCacheBehavior [ RunTime:0.001000s ]
INFO: [ app_begin ] --END-- [ RunTime:0.003000s ]
INFO: [ app_end ] --START--
INFO: Run Behavior\ShowPageTraceBehavior [ RunTime:0.001000s ]
INFO: [ app_end ] --END-- [ RunTime:0.002000s ]

[ 2016-09-23T16:46:02+08:00 ] 127.0.0.1 /168/index.php/Home/Login/ck_uname
INFO: [ app_begin ] --START--
INFO: Run Behavior\ReadHtmlCacheBehavior [ RunTime:0.001000s ]
INFO: [ app_begin ] --END-- [ RunTime:0.001000s ]
SQL: SHOW COLUMNS FROM `168app_user` [ RunTime:0.0070s ]
SQL: SELECT * FROM `168app_user` WHERE `nickname` = 'hxb0810' LIMIT 1   [ RunTime:0.0010s ]
INFO: [ app_end ] --START--
INFO: Run Behavior\ShowPageTraceBehavior [ RunTime:0.001000s ]
INFO: [ app_end ] --END-- [ RunTime:0.001000s ]

[ 2016-09-23T16:46:02+08:00 ] 127.0.0.1 /168/index.php/Home/Login/ck_upass
INFO: [ app_begin ] --START--
INFO: Run Behavior\ReadHtmlCacheBehavior [ RunTime:0.001000s ]
INFO: [ app_begin ] --END-- [ RunTime:0.001000s ]
SQL: SHOW COLUMNS FROM `168app_user` [ RunTime:0.0060s ]
SQL: SELECT `upass` FROM `168app_user` WHERE `nickname` = 'hxb0810' LIMIT 1   [ RunTime:0.0000s ]
INFO: [ app_end ] --START--
INFO: Run Behavior\ShowPageTraceBehavior [ RunTime:0.001000s ]
INFO: [ app_end ] --END-- [ RunTime:0.001000s ]

[ 2016-09-23T16:46:08+08:00 ] 127.0.0.1 /168/index.php/Home/Login/My/index
ERR: 非法操作:My

[ 2016-09-23T16:46:44+08:00 ] 127.0.0.1 /168/index.php/Home/Login/My/index
ERR: 非法操作:My

[ 2016-09-23T16:46:46+08:00 ] 127.0.0.1 /168/index.php/Home/Login/My/index
ERR: 非法操作:My

[ 2016-09-23T16:46:46+08:00 ] 127.0.0.1 /168/index.php/Home/Login/My/index
ERR: 非法操作:My

[ 2016-09-23T16:46:47+08:00 ] 127.0.0.1 /168/index.php/Home/Login/My/index
ERR: 非法操作:My

[ 2016-09-23T16:46:47+08:00 ] 127.0.0.1 /168/index.php/Home/Login/My/index
ERR: 非法操作:My

[ 2016-09-23T16:46:47+08:00 ] 127.0.0.1 /168/index.php/Home/Login/My/index
ERR: 非法操作:My

[ 2016-09-23T16:47:03+08:00 ] 127.0.0.1 /168/index.php/Home/Login/ck_code
INFO: [ app_begin ] --START--
INFO: Run Behavior\ReadHtmlCacheBehavior [ RunTime:0.001000s ]
INFO: [ app_begin ] --END-- [ RunTime:0.002000s ]
INFO: [ app_end ] --START--
INFO: Run Behavior\ShowPageTraceBehavior [ RunTime:0.001000s ]
INFO: [ app_end ] --END-- [ RunTime:0.002000s ]

[ 2016-09-23T16:47:05+08:00 ] 127.0.0.1 /168/index.php/Home/Login/ck_uname
INFO: [ app_begin ] --START--
INFO: Run Behavior\ReadHtmlCacheBehavior [ RunTime:0.001000s ]
INFO: [ app_begin ] --END-- [ RunTime:0.005001s ]
SQL: SHOW COLUMNS FROM `168app_user` [ RunTime:0.0070s ]
SQL: SELECT * FROM `168app_user` WHERE `nickname` = 'hxb0810' LIMIT 1   [ RunTime:0.0010s ]
INFO: [ app_end ] --START--
INFO: Run Behavior\ShowPageTraceBehavior [ RunTime:0.002000s ]
INFO: [ app_end ] --END-- [ RunTime:0.002000s ]

[ 2016-09-23T16:47:05+08:00 ] 127.0.0.1 /168/index.php/Home/Login/ck_upass
INFO: [ app_begin ] --START--
INFO: Run Behavior\ReadHtmlCacheBehavior [ RunTime:0.001000s ]
INFO: [ app_begin ] --END-- [ RunTime:0.004000s ]
SQL: SHOW COLUMNS FROM `168app_user` [ RunTime:0.0080s ]
SQL: SELECT `upass` FROM `168app_user` WHERE `nickname` = 'hxb0810' LIMIT 1   [ RunTime:0.0000s ]
INFO: [ app_end ] --START--
INFO: Run Behavior\ShowPageTraceBehavior [ RunTime:0.001000s ]
INFO: [ app_end ] --END-- [ RunTime:0.001000s ]

[ 2016-09-23T16:47:58+08:00 ] 127.0.0.1 /168/index.php/Home/Login/ck_code
INFO: [ app_begin ] --START--
INFO: Run Behavior\ReadHtmlCacheBehavior [ RunTime:0.001000s ]
INFO: [ app_begin ] --END-- [ RunTime:0.001000s ]
INFO: [ app_end ] --START--
INFO: Run Behavior\ShowPageTraceBehavior [ RunTime:0.002000s ]
INFO: [ app_end ] --END-- [ RunTime:0.002000s ]

[ 2016-09-23T16:48:00+08:00 ] 127.0.0.1 /168/index.php/Home/Login/ck_uname
INFO: [ app_begin ] --START--
INFO: Run Behavior\ReadHtmlCacheBehavior [ RunTime:0.002000s ]
INFO: [ app_begin ] --END-- [ RunTime:0.003000s ]
SQL: SHOW COLUMNS FROM `168app_user` [ RunTime:0.0050s ]
SQL: SELECT * FROM `168app_user` WHERE `nickname` = 'hxb0810' LIMIT 1   [ RunTime:0.0010s ]
INFO: [ app_end ] --START--
INFO: Run Behavior\ShowPageTraceBehavior [ RunTime:0.001000s ]
INFO: [ app_end ] --END-- [ RunTime:0.002000s ]

[ 2016-09-23T16:48:00+08:00 ] 127.0.0.1 /168/index.php/Home/Login/ck_upass
INFO: [ app_begin ] --START--
INFO: Run Behavior\ReadHtmlCacheBehavior [ RunTime:0.002000s ]
INFO: [ app_begin ] --END-- [ RunTime:0.002000s ]
SQL: SHOW COLUMNS FROM `168app_user` [ RunTime:0.0060s ]
SQL: SELECT `upass` FROM `168app_user` WHERE `nickname` = 'hxb0810' LIMIT 1   [ RunTime:0.0010s ]
INFO: [ app_end ] --START--
INFO: Run Behavior\ShowPageTraceBehavior [ RunTime:0.002001s ]
INFO: [ app_end ] --END-- [ RunTime:0.002001s ]

[ 2016-09-23T16:52:17+08:00 ] 127.0.0.1 /168/index.php/Home/Login/ck_code
INFO: [ app_begin ] --START--
INFO: Run Behavior\ReadHtmlCacheBehavior [ RunTime:0.001000s ]
INFO: [ app_begin ] --END-- [ RunTime:0.002000s ]
INFO: [ app_end ] --START--
INFO: Run Behavior\ShowPageTraceBehavior [ RunTime:0.001001s ]
INFO: [ app_end ] --END-- [ RunTime:0.002001s ]

[ 2016-09-23T16:52:18+08:00 ] 127.0.0.1 /168/index.php/Home/Login/ck_uname
INFO: [ app_begin ] --START--
INFO: Run Behavior\ReadHtmlCacheBehavior [ RunTime:0.001000s ]
INFO: [ app_begin ] --END-- [ RunTime:0.002000s ]
SQL: SHOW COLUMNS FROM `168app_user` [ RunTime:0.0070s ]
SQL: SELECT * FROM `168app_user` WHERE `nickname` = 'hxb0810' LIMIT 1   [ RunTime:0.0010s ]
INFO: [ app_end ] --START--
INFO: Run Behavior\ShowPageTraceBehavior [ RunTime:0.001000s ]
INFO: [ app_end ] --END-- [ RunTime:0.002000s ]

[ 2016-09-23T16:52:18+08:00 ] 127.0.0.1 /168/index.php/Home/Login/ck_upass
INFO: [ app_begin ] --START--
INFO: Run Behavior\ReadHtmlCacheBehavior [ RunTime:0.002000s ]
INFO: [ app_begin ] --END-- [ RunTime:0.002000s ]
SQL: SHOW COLUMNS FROM `168app_user` [ RunTime:0.0050s ]
SQL: SELECT `upass` FROM `168app_user` WHERE `nickname` = 'hxb0810' LIMIT 1   [ RunTime:0.0010s ]
INFO: [ app_end ] --START--
INFO: Run Behavior\ShowPageTraceBehavior [ RunTime:0.001000s ]
INFO: [ app_end ] --END-- [ RunTime:0.001000s ]

[ 2016-09-23T16:52:51+08:00 ] 127.0.0.1 /168/index.php/Home/Login/ck_code
INFO: [ app_begin ] --START--
INFO: Run Behavior\ReadHtmlCacheBehavior [ RunTime:0.001000s ]
INFO: [ app_begin ] --END-- [ RunTime:0.001000s ]
INFO: [ app_end ] --START--
INFO: Run Behavior\ShowPageTraceBehavior [ RunTime:0.001000s ]
INFO: [ app_end ] --END-- [ RunTime:0.002000s ]

[ 2016-09-23T16:52:52+08:00 ] 127.0.0.1 /168/index.php/Home/Login/ck_uname
INFO: [ app_begin ] --START--
INFO: Run Behavior\ReadHtmlCacheBehavior [ RunTime:0.001000s ]
INFO: [ app_begin ] --END-- [ RunTime:0.002000s ]
SQL: SHOW COLUMNS FROM `168app_user` [ RunTime:0.0070s ]
SQL: SELECT * FROM `168app_user` WHERE `nickname` = 'hxb0810' LIMIT 1   [ RunTime:0.0000s ]
INFO: [ app_end ] --START--
INFO: Run Behavior\ShowPageTraceBehavior [ RunTime:0.001000s ]
INFO: [ app_end ] --END-- [ RunTime:0.002000s ]

[ 2016-09-23T16:52:52+08:00 ] 127.0.0.1 /168/index.php/Home/Login/ck_upass
INFO: [ app_begin ] --START--
INFO: Run Behavior\ReadHtmlCacheBehavior [ RunTime:0.001000s ]
INFO: [ app_begin ] --END-- [ RunTime:0.002000s ]
SQL: SHOW COLUMNS FROM `168app_user` [ RunTime:0.0060s ]
SQL: SELECT `upass` FROM `168app_user` WHERE `nickname` = 'hxb0810' LIMIT 1   [ RunTime:0.0000s ]
INFO: [ app_end ] --START--
INFO: Run Behavior\ShowPageTraceBehavior [ RunTime:0.001000s ]
INFO: [ app_end ] --END-- [ RunTime:0.002000s ]

[ 2016-09-23T16:53:29+08:00 ] 127.0.0.1 /168/index.php/Home/Login/ck_code
INFO: [ app_begin ] --START--
INFO: Run Behavior\ReadHtmlCacheBehavior [ RunTime:0.001000s ]
INFO: [ app_begin ] --END-- [ RunTime:0.003000s ]
INFO: [ app_end ] --START--
INFO: Run Behavior\ShowPageTraceBehavior [ RunTime:0.001000s ]
INFO: [ app_end ] --END-- [ RunTime:0.001000s ]

[ 2016-09-23T16:53:30+08:00 ] 127.0.0.1 /168/index.php/Home/Login/ck_uname
INFO: [ app_begin ] --START--
INFO: Run Behavior\ReadHtmlCacheBehavior [ RunTime:0.001000s ]
INFO: [ app_begin ] --END-- [ RunTime:0.001000s ]
SQL: SHOW COLUMNS FROM `168app_user` [ RunTime:0.0080s ]
SQL: SELECT * FROM `168app_user` WHERE `nickname` = 'hxb0810' LIMIT 1   [ RunTime:0.0010s ]
INFO: [ app_end ] --START--
INFO: Run Behavior\ShowPageTraceBehavior [ RunTime:0.001000s ]
INFO: [ app_end ] --END-- [ RunTime:0.002000s ]

[ 2016-09-23T16:53:30+08:00 ] 127.0.0.1 /168/index.php/Home/Login/ck_upass
INFO: [ app_begin ] --START--
INFO: Run Behavior\ReadHtmlCacheBehavior [ RunTime:0.001000s ]
INFO: [ app_begin ] --END-- [ RunTime:0.002000s ]
SQL: SHOW COLUMNS FROM `168app_user` [ RunTime:0.0050s ]
SQL: SELECT `upass` FROM `168app_user` WHERE `nickname` = 'hxb0810' LIMIT 1   [ RunTime:0.0000s ]
INFO: [ app_end ] --START--
INFO: Run Behavior\ShowPageTraceBehavior [ RunTime:0.002000s ]
INFO: [ app_end ] --END-- [ RunTime:0.002000s ]

[ 2016-09-23T16:54:21+08:00 ] 127.0.0.1 /168/index.php/Home/Login/ck_code
INFO: [ app_begin ] --START--
INFO: Run Behavior\ReadHtmlCacheBehavior [ RunTime:0.000000s ]
INFO: [ app_begin ] --END-- [ RunTime:0.002000s ]
INFO: [ app_end ] --START--
INFO: Run Behavior\ShowPageTraceBehavior [ RunTime:0.001000s ]
INFO: [ app_end ] --END-- [ RunTime:0.001000s ]

[ 2016-09-23T16:54:22+08:00 ] 127.0.0.1 /168/index.php/Home/Login/ck_uname
INFO: [ app_begin ] --START--
INFO: Run Behavior\ReadHtmlCacheBehavior [ RunTime:0.001000s ]
INFO: [ app_begin ] --END-- [ RunTime:0.001000s ]
SQL: SHOW COLUMNS FROM `168app_user` [ RunTime:0.0070s ]
SQL: SELECT * FROM `168app_user` WHERE `nickname` = 'hxb0810' LIMIT 1   [ RunTime:0.0010s ]
INFO: [ app_end ] --START--
INFO: Run Behavior\ShowPageTraceBehavior [ RunTime:0.002001s ]
INFO: [ app_end ] --END-- [ RunTime:0.002001s ]

[ 2016-09-23T16:54:22+08:00 ] 127.0.0.1 /168/index.php/Home/Login/ck_upass
INFO: [ app_begin ] --START--
INFO: Run Behavior\ReadHtmlCacheBehavior [ RunTime:0.002000s ]
INFO: [ app_begin ] --END-- [ RunTime:0.002000s ]
SQL: SHOW COLUMNS FROM `168app_user` [ RunTime:0.0070s ]
SQL: SELECT `upass` FROM `168app_user` WHERE `nickname` = 'hxb0810' LIMIT 1   [ RunTime:0.0000s ]
INFO: [ app_end ] --START--
INFO: Run Behavior\ShowPageTraceBehavior [ RunTime:0.001000s ]
INFO: [ app_end ] --END-- [ RunTime:0.001000s ]

[ 2016-09-23T16:55:46+08:00 ] 127.0.0.1 /168/index.php/Home/Login/ck_code
INFO: [ app_begin ] --START--
INFO: Run Behavior\ReadHtmlCacheBehavior [ RunTime:0.001000s ]
INFO: [ app_begin ] --END-- [ RunTime:0.002000s ]
INFO: [ app_end ] --START--
INFO: Run Behavior\ShowPageTraceBehavior [ RunTime:0.001001s ]
INFO: [ app_end ] --END-- [ RunTime:0.001001s ]

[ 2016-09-23T16:55:48+08:00 ] 127.0.0.1 /168/index.php/Home/Login/ck_uname
INFO: [ app_begin ] --START--
INFO: Run Behavior\ReadHtmlCacheBehavior [ RunTime:0.001000s ]
INFO: [ app_begin ] --END-- [ RunTime:0.002000s ]
SQL: SHOW COLUMNS FROM `168app_user` [ RunTime:0.0050s ]
SQL: SELECT * FROM `168app_user` WHERE `nickname` = 'hxb0810' LIMIT 1   [ RunTime:0.0010s ]
INFO: [ app_end ] --START--
INFO: Run Behavior\ShowPageTraceBehavior [ RunTime:0.003000s ]
INFO: [ app_end ] --END-- [ RunTime:0.003000s ]

[ 2016-09-23T16:55:48+08:00 ] 127.0.0.1 /168/index.php/Home/Login/ck_upass
INFO: [ app_begin ] --START--
INFO: Run Behavior\ReadHtmlCacheBehavior [ RunTime:0.001000s ]
INFO: [ app_begin ] --END-- [ RunTime:0.002000s ]
SQL: SHOW COLUMNS FROM `168app_user` [ RunTime:0.0060s ]
SQL: SELECT `upass` FROM `168app_user` WHERE `nickname` = 'hxb0810' LIMIT 1   [ RunTime:0.0010s ]
INFO: [ app_end ] --START--
INFO: Run Behavior\ShowPageTraceBehavior [ RunTime:0.002000s ]
INFO: [ app_end ] --END-- [ RunTime:0.002000s ]

[ 2016-09-23T16:57:06+08:00 ] 127.0.0.1 /168/index.php/Home/Login/ck_code
INFO: [ app_begin ] --START--
INFO: Run Behavior\ReadHtmlCacheBehavior [ RunTime:0.001000s ]
INFO: [ app_begin ] --END-- [ RunTime:0.002000s ]
INFO: [ app_end ] --START--
INFO: Run Behavior\ShowPageTraceBehavior [ RunTime:0.001000s ]
INFO: [ app_end ] --END-- [ RunTime:0.003000s ]

[ 2016-09-23T16:57:11+08:00 ] 127.0.0.1 /168/index.php/Home/Login/ck_upass
INFO: [ app_begin ] --START--
INFO: Run Behavior\ReadHtmlCacheBehavior [ RunTime:0.001000s ]
INFO: [ app_begin ] --END-- [ RunTime:0.002000s ]
SQL: SHOW COLUMNS FROM `168app_user` [ RunTime:0.0080s ]
SQL: SELECT `upass` FROM `168app_user` WHERE `nickname` = null LIMIT 1   [ RunTime:0.0010s ]
INFO: [ app_end ] --START--
INFO: Run Behavior\ShowPageTraceBehavior [ RunTime:0.001000s ]
INFO: [ app_end ] --END-- [ RunTime:0.002000s ]

[ 2016-09-23T16:57:16+08:00 ] 127.0.0.1 /168/index.php/Home/Login/ck_uname
INFO: [ app_begin ] --START--
INFO: Run Behavior\ReadHtmlCacheBehavior [ RunTime:0.001000s ]
INFO: [ app_begin ] --END-- [ RunTime:0.001000s ]
SQL: SHOW COLUMNS FROM `168app_user` [ RunTime:0.0070s ]
SQL: SELECT * FROM `168app_user` WHERE `nickname` = 'hxb0810' LIMIT 1   [ RunTime:0.0000s ]
INFO: [ app_end ] --START--
INFO: Run Behavior\ShowPageTraceBehavior [ RunTime:0.001001s ]
INFO: [ app_end ] --END-- [ RunTime:0.002001s ]

[ 2016-09-23T16:57:16+08:00 ] 127.0.0.1 /168/index.php/Home/Login/ck_upass
INFO: [ app_begin ] --START--
INFO: Run Behavior\ReadHtmlCacheBehavior [ RunTime:0.001000s ]
INFO: [ app_begin ] --END-- [ RunTime:0.002000s ]
SQL: SHOW COLUMNS FROM `168app_user` [ RunTime:0.0060s ]
SQL: SELECT `upass` FROM `168app_user` WHERE `nickname` = 'hxb0810' LIMIT 1   [ RunTime:0.0000s ]
INFO: [ app_end ] --START--
INFO: Run Behavior\ShowPageTraceBehavior [ RunTime:0.001000s ]
INFO: [ app_end ] --END-- [ RunTime:0.001000s ]

[ 2016-09-23T16:57:22+08:00 ] 127.0.0.1 /168/index.php/Home/Login/ck_uname
INFO: [ app_begin ] --START--
INFO: Run Behavior\ReadHtmlCacheBehavior [ RunTime:0.001000s ]
INFO: [ app_begin ] --END-- [ RunTime:0.002000s ]
SQL: SHOW COLUMNS FROM `168app_user` [ RunTime:0.0060s ]
SQL: SELECT * FROM `168app_user` WHERE `nickname` = 'hxb0810b' LIMIT 1   [ RunTime:0.0010s ]
INFO: [ app_end ] --START--
INFO: Run Behavior\ShowPageTraceBehavior [ RunTime:0.001000s ]
INFO: [ app_end ] --END-- [ RunTime:0.001000s ]

[ 2016-09-23T16:59:42+08:00 ] 127.0.0.1 /168/index.php/Home/Login/ck_uname
INFO: [ app_begin ] --START--
INFO: Run Behavior\ReadHtmlCacheBehavior [ RunTime:0.001000s ]
INFO: [ app_begin ] --END-- [ RunTime:0.002000s ]
SQL: SHOW COLUMNS FROM `168app_user` [ RunTime:0.0070s ]
SQL: SELECT * FROM `168app_user` WHERE `nickname` = 'hxb0810' LIMIT 1   [ RunTime:0.0000s ]
INFO: [ app_end ] --START--
INFO: Run Behavior\ShowPageTraceBehavior [ RunTime:0.001001s ]
INFO: [ app_end ] --END-- [ RunTime:0.001001s ]

[ 2016-09-23T16:59:51+08:00 ] 127.0.0.1 /168/index.php/Home/Login/ck_code
INFO: [ app_begin ] --START--
INFO: Run Behavior\ReadHtmlCacheBehavior [ RunTime:0.001000s ]
INFO: [ app_begin ] --END-- [ RunTime:0.001000s ]
INFO: [ app_end ] --START--
INFO: Run Behavior\ShowPageTraceBehavior [ RunTime:0.002000s ]
INFO: [ app_end ] --END-- [ RunTime:0.002000s ]

[ 2016-09-23T16:59:52+08:00 ] 127.0.0.1 /168/index.php/Home/Login/ck_upass
INFO: [ app_begin ] --START--
INFO: Run Behavior\ReadHtmlCacheBehavior [ RunTime:0.001000s ]
INFO: [ app_begin ] --END-- [ RunTime:0.005000s ]
SQL: SHOW COLUMNS FROM `168app_user` [ RunTime:0.0070s ]
SQL: SELECT `upass` FROM `168app_user` WHERE `nickname` = 'hxb0810' LIMIT 1   [ RunTime:0.0000s ]
INFO: [ app_end ] --START--
INFO: Run Behavior\ShowPageTraceBehavior [ RunTime:0.001000s ]
INFO: [ app_end ] --END-- [ RunTime:0.001000s ]

[ 2016-09-23T18:28:50+08:00 ] 127.0.0.1 /168/index.php/Home/Login/ck_uname
INFO: [ app_begin ] --START--
INFO: Run Behavior\ReadHtmlCacheBehavior [ RunTime:0.001001s ]
INFO: [ app_begin ] --END-- [ RunTime:0.001001s ]
SQL: SHOW COLUMNS FROM `168app_user` [ RunTime:0.0080s ]
SQL: SELECT * FROM `168app_user` WHERE `nickname` = 'hxb0810' LIMIT 1   [ RunTime:0.0010s ]
INFO: [ app_end ] --START--
INFO: Run Behavior\ShowPageTraceBehavior [ RunTime:0.001000s ]
INFO: [ app_end ] --END-- [ RunTime:0.001000s ]

[ 2016-09-23T18:28:50+08:00 ] 127.0.0.1 /168/index.php/Home/Login/ck_upass
INFO: [ app_begin ] --START--
INFO: Run Behavior\ReadHtmlCacheBehavior [ RunTime:0.001000s ]
INFO: [ app_begin ] --END-- [ RunTime:0.002000s ]
SQL: SHOW COLUMNS FROM `168app_user` [ RunTime:0.0050s ]
SQL: SELECT `upass` FROM `168app_user` WHERE `nickname` = 'hxb0810' LIMIT 1   [ RunTime:0.0010s ]
INFO: [ app_end ] --START--
INFO: Run Behavior\ShowPageTraceBehavior [ RunTime:0.002001s ]
INFO: [ app_end ] --END-- [ RunTime:0.002001s ]

[ 2016-09-23T18:31:49+08:00 ] 127.0.0.1 /168/index.php/Home/Login/ck_code
INFO: [ app_begin ] --START--
INFO: Run Behavior\ReadHtmlCacheBehavior [ RunTime:0.001000s ]
INFO: [ app_begin ] --END-- [ RunTime:0.002000s ]
INFO: [ app_end ] --START--
INFO: Run Behavior\ShowPageTraceBehavior [ RunTime:0.001000s ]
INFO: [ app_end ] --END-- [ RunTime:0.001000s ]

[ 2016-09-23T18:32:34+08:00 ] 127.0.0.1 /168/index.php/Home/Login/ck_code
INFO: [ app_begin ] --START--
INFO: Run Behavior\ReadHtmlCacheBehavior [ RunTime:0.001000s ]
INFO: [ app_begin ] --END-- [ RunTime:0.002000s ]
INFO: [ app_end ] --START--
INFO: Run Behavior\ShowPageTraceBehavior [ RunTime:0.002000s ]
INFO: [ app_end ] --END-- [ RunTime:0.002000s ]

[ 2016-09-23T18:32:39+08:00 ] 127.0.0.1 /168/index.php/Home/Login/ck_code
INFO: [ app_begin ] --START--
INFO: Run Behavior\ReadHtmlCacheBehavior [ RunTime:0.002001s ]
INFO: [ app_begin ] --END-- [ RunTime:0.003001s ]
INFO: [ app_end ] --START--
INFO: Run Behavior\ShowPageTraceBehavior [ RunTime:0.001000s ]
INFO: [ app_end ] --END-- [ RunTime:0.001000s ]

[ 2016-09-23T18:32:45+08:00 ] 127.0.0.1 /168/index.php/Home/Login/ck_code
INFO: [ app_begin ] --START--
INFO: Run Behavior\ReadHtmlCacheBehavior [ RunTime:0.001000s ]
INFO: [ app_begin ] --END-- [ RunTime:0.003000s ]
INFO: [ app_end ] --START--
INFO: Run Behavior\ShowPageTraceBehavior [ RunTime:0.001000s ]
INFO: [ app_end ] --END-- [ RunTime:0.001000s ]

[ 2016-09-23T18:32:46+08:00 ] 127.0.0.1 /168/index.php/Home/Login/ck_uname
INFO: [ app_begin ] --START--
INFO: Run Behavior\ReadHtmlCacheBehavior [ RunTime:0.001000s ]
INFO: [ app_begin ] --END-- [ RunTime:0.002000s ]
SQL: SHOW COLUMNS FROM `168app_user` [ RunTime:0.0050s ]
SQL: SELECT * FROM `168app_user` WHERE `nickname` = 'hxb0810' LIMIT 1   [ RunTime:0.0010s ]
INFO: [ app_end ] --START--
INFO: Run Behavior\ShowPageTraceBehavior [ RunTime:0.001000s ]
INFO: [ app_end ] --END-- [ RunTime:0.002000s ]

[ 2016-09-23T18:32:46+08:00 ] 127.0.0.1 /168/index.php/Home/Login/ck_upass
INFO: [ app_begin ] --START--
INFO: Run Behavior\ReadHtmlCacheBehavior [ RunTime:0.001000s ]
INFO: [ app_begin ] --END-- [ RunTime:0.002001s ]
SQL: SHOW COLUMNS FROM `168app_user` [ RunTime:0.0060s ]
SQL: SELECT `upass` FROM `168app_user` WHERE `nickname` = 'hxb0810' LIMIT 1   [ RunTime:0.0000s ]
INFO: [ app_end ] --START--
INFO: Run Behavior\ShowPageTraceBehavior [ RunTime:0.001000s ]
INFO: [ app_end ] --END-- [ RunTime:0.001000s ]

[ 2016-09-23T18:48:26+08:00 ] 127.0.0.1 /168/index.php/Home/Login/ck_uname
INFO: [ app_begin ] --START--
INFO: Run Behavior\ReadHtmlCacheBehavior [ RunTime:0.001000s ]
INFO: [ app_begin ] --END-- [ RunTime:0.002000s ]
SQL: SHOW COLUMNS FROM `168app_user` [ RunTime:0.0050s ]
SQL: SELECT * FROM `168app_user` WHERE `nickname` = 'hxb0810' LIMIT 1   [ RunTime:0.0010s ]
INFO: [ app_end ] --START--
INFO: Run Behavior\ShowPageTraceBehavior [ RunTime:0.002000s ]
INFO: [ app_end ] --END-- [ RunTime:0.002000s ]

[ 2016-09-23T18:48:32+08:00 ] 127.0.0.1 /168/index.php/Home/Login/ck_code
INFO: [ app_begin ] --START--
INFO: Run Behavior\ReadHtmlCacheBehavior [ RunTime:0.001000s ]
INFO: [ app_begin ] --END-- [ RunTime:0.002000s ]
INFO: [ app_end ] --START--
INFO: Run Behavior\ShowPageTraceBehavior [ RunTime:0.001000s ]
INFO: [ app_end ] --END-- [ RunTime:0.001000s ]

[ 2016-09-23T18:48:33+08:00 ] 127.0.0.1 /168/index.php/Home/Login/ck_upass
INFO: [ app_begin ] --START--
INFO: Run Behavior\ReadHtmlCacheBehavior [ RunTime:0.001000s ]
INFO: [ app_begin ] --END-- [ RunTime:0.002000s ]
SQL: SHOW COLUMNS FROM `168app_user` [ RunTime:0.0050s ]
SQL: SELECT `upass` FROM `168app_user` WHERE `nickname` = 'hxb0810' LIMIT 1   [ RunTime:0.0000s ]
INFO: [ app_end ] --START--
INFO: Run Behavior\ShowPageTraceBehavior [ RunTime:0.001000s ]
INFO: [ app_end ] --END-- [ RunTime:0.002000s ]

[ 2016-09-23T19:01:12+08:00 ] 127.0.0.1 /168/index.php/Home/My/do_info
ERR: 非法操作:do_info

