[ 2016-11-14T10:50:30+08:00 ] 127.0.0.1 /web/168/index.php/Home/My/myinfo
ERR: syntax error, unexpected '}'

[ 2016-11-14T10:51:25+08:00 ] 127.0.0.1 /web/168/index.php/Home/Login/ck_uname
INFO: [ app_begin ] --START--
INFO: Run Behavior\ReadHtmlCacheBehavior [ RunTime:0.000020s ]
INFO: [ app_begin ] --END-- [ RunTime:0.000054s ]
SQL: SHOW COLUMNS FROM `168app_user` [ RunTime:0.0008s ]
SQL: SELECT * FROM `168app_user` WHERE `nickname` = 'hxb0810' LIMIT 1   [ RunTime:0.0004s ]
INFO: [ app_end ] --START--
INFO: Run Behavior\ShowPageTraceBehavior [ RunTime:0.000078s ]
INFO: [ app_end ] --END-- [ RunTime:0.000107s ]

[ 2016-11-14T10:51:26+08:00 ] 127.0.0.1 /web/168/index.php/Home/Login/ck_upass
INFO: [ app_begin ] --START--
INFO: Run Behavior\ReadHtmlCacheBehavior [ RunTime:0.000026s ]
INFO: [ app_begin ] --END-- [ RunTime:0.000066s ]
SQL: SHOW COLUMNS FROM `168app_user` [ RunTime:0.0007s ]
SQL: SELECT `upass` FROM `168app_user` WHERE `nickname` = 'hxb0810' LIMIT 1   [ RunTime:0.0003s ]
INFO: [ app_end ] --START--
INFO: Run Behavior\ShowPageTraceBehavior [ RunTime:0.000078s ]
INFO: [ app_end ] --END-- [ RunTime:0.000124s ]

[ 2016-11-14T10:56:27+08:00 ] 127.0.0.1 /web/168/index.php/Home/My/ck_sname
INFO: [ app_begin ] --START--
INFO: Run Behavior\ReadHtmlCacheBehavior [ RunTime:0.000028s ]
INFO: [ app_begin ] --END-- [ RunTime:0.000077s ]
SQL: SHOW COLUMNS FROM `168app_students` [ RunTime:0.0008s ]
SQL: SELECT `sname` FROM `168app_students` WHERE `sname` = '张学友' LIMIT 1   [ RunTime:0.0003s ]
INFO: [ app_end ] --START--
INFO: Run Behavior\ShowPageTraceBehavior [ RunTime:0.000065s ]
INFO: [ app_end ] --END-- [ RunTime:0.000089s ]

[ 2016-11-14T11:01:22+08:00 ] 127.0.0.1 /web/168/index.php/Home/Login/code.html
ERR: 非法操作:code

[ 2016-11-14T11:01:22+08:00 ] 127.0.0.1 /web/168/index.php/Home/Login/code.html
ERR: 非法操作:code

[ 2016-11-14T11:01:35+08:00 ] 127.0.0.1 /web/168/index.php/Home/Login/ck_uname
INFO: [ app_begin ] --START--
INFO: Run Behavior\ReadHtmlCacheBehavior [ RunTime:0.000031s ]
INFO: [ app_begin ] --END-- [ RunTime:0.000084s ]
SQL: SHOW COLUMNS FROM `168app_user` [ RunTime:0.0006s ]
SQL: SELECT * FROM `168app_user` WHERE `nickname` = 'hxb0810' LIMIT 1   [ RunTime:0.0003s ]
INFO: [ app_end ] --START--
INFO: Run Behavior\ShowPageTraceBehavior [ RunTime:0.000066s ]
INFO: [ app_end ] --END-- [ RunTime:0.000090s ]

[ 2016-11-14T11:01:35+08:00 ] 127.0.0.1 /web/168/index.php/Home/Login/ck_upass
INFO: [ app_begin ] --START--
INFO: Run Behavior\ReadHtmlCacheBehavior [ RunTime:0.000019s ]
INFO: [ app_begin ] --END-- [ RunTime:0.000051s ]
SQL: SHOW COLUMNS FROM `168app_user` [ RunTime:0.0007s ]
SQL: SELECT `upass` FROM `168app_user` WHERE `nickname` = 'hxb0810' LIMIT 1   [ RunTime:0.0003s ]
INFO: [ app_end ] --START--
INFO: Run Behavior\ShowPageTraceBehavior [ RunTime:0.000048s ]
INFO: [ app_end ] --END-- [ RunTime:0.000067s ]

[ 2016-11-14T11:01:48+08:00 ] 127.0.0.1 /web/168/index.php/Home/Login/code.html
ERR: 非法操作:code

[ 2016-11-14T11:01:48+08:00 ] 127.0.0.1 /web/168/index.php/Home/Login/code.html
ERR: 非法操作:code

[ 2016-11-14T11:01:52+08:00 ] 127.0.0.1 /web/168/index.php/Home/Register/ck_nickname
INFO: [ app_begin ] --START--
INFO: Run Behavior\ReadHtmlCacheBehavior [ RunTime:0.000031s ]
INFO: [ app_begin ] --END-- [ RunTime:0.000081s ]
SQL: SHOW COLUMNS FROM `168app_system` [ RunTime:0.0007s ]
SQL: SELECT * FROM `168app_system` WHERE ( id=1 ) LIMIT 1   [ RunTime:0.0003s ]
SQL: SHOW COLUMNS FROM `168app_user` [ RunTime:0.0006s ]
SQL: SELECT `nickname` FROM `168app_user` WHERE `nickname` = 'liubin' LIMIT 1   [ RunTime:0.0003s ]
INFO: [ app_end ] --START--
INFO: Run Behavior\ShowPageTraceBehavior [ RunTime:0.000072s ]
INFO: [ app_end ] --END-- [ RunTime:0.000101s ]

[ 2016-11-14T11:02:18+08:00 ] 127.0.0.1 /web/168/index.php/Home/Login/code.html
ERR: 非法操作:code

[ 2016-11-14T11:02:18+08:00 ] 127.0.0.1 /web/168/index.php/Home/Login/code.html
ERR: 非法操作:code

[ 2016-11-14T11:02:20+08:00 ] 127.0.0.1 /web/168/index.php/Home/Login/code.html?0.7477752628897444
ERR: 非法操作:code

[ 2016-11-14T14:41:59+08:00 ] 127.0.0.1 /web/168/index.php/Home/Register/ck_code
INFO: [ app_begin ] --START--
INFO: Run Behavior\ReadHtmlCacheBehavior [ RunTime:0.000019s ]
INFO: [ app_begin ] --END-- [ RunTime:0.000052s ]
SQL: SHOW COLUMNS FROM `168app_system` [ RunTime:0.0007s ]
SQL: SELECT * FROM `168app_system` WHERE ( id=1 ) LIMIT 1   [ RunTime:0.0003s ]
INFO: [ app_end ] --START--
INFO: Run Behavior\ShowPageTraceBehavior [ RunTime:0.000027s ]
INFO: [ app_end ] --END-- [ RunTime:0.000053s ]

[ 2016-11-14T14:44:13+08:00 ] 127.0.0.1 /web/168/index.php/Home/Login/ck_uname
INFO: [ app_begin ] --START--
INFO: Run Behavior\ReadHtmlCacheBehavior [ RunTime:0.000022s ]
INFO: [ app_begin ] --END-- [ RunTime:0.000056s ]
SQL: SHOW COLUMNS FROM `168app_user` [ RunTime:0.0008s ]
SQL: SELECT * FROM `168app_user` WHERE `nickname` = 'hxb0810' LIMIT 1   [ RunTime:0.0004s ]
INFO: [ app_end ] --START--
INFO: Run Behavior\ShowPageTraceBehavior [ RunTime:0.000070s ]
INFO: [ app_end ] --END-- [ RunTime:0.000095s ]

[ 2016-11-14T14:44:15+08:00 ] 127.0.0.1 /web/168/index.php/Home/Login/ck_upass
INFO: [ app_begin ] --START--
INFO: Run Behavior\ReadHtmlCacheBehavior [ RunTime:0.000018s ]
INFO: [ app_begin ] --END-- [ RunTime:0.000045s ]
SQL: SHOW COLUMNS FROM `168app_user` [ RunTime:0.0006s ]
SQL: SELECT `upass` FROM `168app_user` WHERE `nickname` = 'hxb0810' LIMIT 1   [ RunTime:0.0004s ]
INFO: [ app_end ] --START--
INFO: Run Behavior\ShowPageTraceBehavior [ RunTime:0.000061s ]
INFO: [ app_end ] --END-- [ RunTime:0.000091s ]

[ 2016-11-14T14:44:19+08:00 ] 127.0.0.1 /web/168/index.php/Home/Login/ck_upass
INFO: [ app_begin ] --START--
INFO: Run Behavior\ReadHtmlCacheBehavior [ RunTime:0.000020s ]
INFO: [ app_begin ] --END-- [ RunTime:0.000054s ]
SQL: SHOW COLUMNS FROM `168app_user` [ RunTime:0.0007s ]
SQL: SELECT `upass` FROM `168app_user` WHERE `nickname` = 'hxb0810' LIMIT 1   [ RunTime:0.0002s ]
INFO: [ app_end ] --START--
INFO: Run Behavior\ShowPageTraceBehavior [ RunTime:0.000063s ]
INFO: [ app_end ] --END-- [ RunTime:0.000082s ]

[ 2016-11-14T14:45:08+08:00 ] 127.0.0.1 /web/168/index.php/Home/Register/ck_nickname
INFO: [ app_begin ] --START--
INFO: Run Behavior\ReadHtmlCacheBehavior [ RunTime:0.000035s ]
INFO: [ app_begin ] --END-- [ RunTime:0.000085s ]
SQL: SHOW COLUMNS FROM `168app_system` [ RunTime:0.0011s ]
SQL: SELECT * FROM `168app_system` WHERE ( id=1 ) LIMIT 1   [ RunTime:0.0003s ]
SQL: SHOW COLUMNS FROM `168app_user` [ RunTime:0.0010s ]
SQL: SELECT `nickname` FROM `168app_user` WHERE `nickname` = 'liubin' LIMIT 1   [ RunTime:0.0005s ]
INFO: [ app_end ] --START--
INFO: Run Behavior\ShowPageTraceBehavior [ RunTime:0.000073s ]
INFO: [ app_end ] --END-- [ RunTime:0.000099s ]

[ 2016-11-14T14:46:02+08:00 ] 127.0.0.1 /web/168/index.php/Home/Register/ck_code
INFO: [ app_begin ] --START--
INFO: Run Behavior\ReadHtmlCacheBehavior [ RunTime:0.000034s ]
INFO: [ app_begin ] --END-- [ RunTime:0.000086s ]
SQL: SHOW COLUMNS FROM `168app_system` [ RunTime:0.0008s ]
SQL: SELECT * FROM `168app_system` WHERE ( id=1 ) LIMIT 1   [ RunTime:0.0003s ]
INFO: [ app_end ] --START--
INFO: Run Behavior\ShowPageTraceBehavior [ RunTime:0.000029s ]
INFO: [ app_end ] --END-- [ RunTime:0.000050s ]

[ 2016-11-14T14:46:26+08:00 ] 127.0.0.1 /web/168/index.php/Home/Login/ck_uname
INFO: [ app_begin ] --START--
INFO: Run Behavior\ReadHtmlCacheBehavior [ RunTime:0.000021s ]
INFO: [ app_begin ] --END-- [ RunTime:0.000056s ]
SQL: SHOW COLUMNS FROM `168app_user` [ RunTime:0.0006s ]
SQL: SELECT * FROM `168app_user` WHERE `nickname` = 'root' LIMIT 1   [ RunTime:0.0003s ]
INFO: [ app_end ] --START--
INFO: Run Behavior\ShowPageTraceBehavior [ RunTime:0.000066s ]
INFO: [ app_end ] --END-- [ RunTime:0.000084s ]

[ 2016-11-14T14:46:26+08:00 ] 127.0.0.1 /web/168/index.php/Home/Login/ck_uname
INFO: [ app_begin ] --START--
INFO: Run Behavior\ReadHtmlCacheBehavior [ RunTime:0.000019s ]
INFO: [ app_begin ] --END-- [ RunTime:0.000047s ]
SQL: SHOW COLUMNS FROM `168app_user` [ RunTime:0.0007s ]
SQL: SELECT * FROM `168app_user` WHERE `nickname` = 'root' LIMIT 1   [ RunTime:0.0003s ]
INFO: [ app_end ] --START--
INFO: Run Behavior\ShowPageTraceBehavior [ RunTime:0.000058s ]
INFO: [ app_end ] --END-- [ RunTime:0.000083s ]

[ 2016-11-14T14:46:32+08:00 ] 127.0.0.1 /web/168/index.php/Home/Login/ck_uname
INFO: [ app_begin ] --START--
INFO: Run Behavior\ReadHtmlCacheBehavior [ RunTime:0.000022s ]
INFO: [ app_begin ] --END-- [ RunTime:0.000057s ]
SQL: SHOW COLUMNS FROM `168app_user` [ RunTime:0.0008s ]
SQL: SELECT * FROM `168app_user` WHERE `nickname` = 'liubin' LIMIT 1   [ RunTime:0.0003s ]
INFO: [ app_end ] --START--
INFO: Run Behavior\ShowPageTraceBehavior [ RunTime:0.000073s ]
INFO: [ app_end ] --END-- [ RunTime:0.000095s ]

[ 2016-11-14T14:46:34+08:00 ] 127.0.0.1 /web/168/index.php/Home/Login/ck_upass
INFO: [ app_begin ] --START--
INFO: Run Behavior\ReadHtmlCacheBehavior [ RunTime:0.000019s ]
INFO: [ app_begin ] --END-- [ RunTime:0.000047s ]
SQL: SHOW COLUMNS FROM `168app_user` [ RunTime:0.0007s ]
SQL: SELECT `upass` FROM `168app_user` WHERE `nickname` = 'liubin' LIMIT 1   [ RunTime:0.0002s ]
INFO: [ app_end ] --START--
INFO: Run Behavior\ShowPageTraceBehavior [ RunTime:0.000055s ]
INFO: [ app_end ] --END-- [ RunTime:0.000073s ]

[ 2016-11-14T14:46:39+08:00 ] 127.0.0.1 /web/168/index.php/Home/Login/ck_upass
INFO: [ app_begin ] --START--
INFO: Run Behavior\ReadHtmlCacheBehavior [ RunTime:0.000022s ]
INFO: [ app_begin ] --END-- [ RunTime:0.000056s ]
SQL: SHOW COLUMNS FROM `168app_user` [ RunTime:0.0006s ]
SQL: SELECT `upass` FROM `168app_user` WHERE `nickname` = 'liubin' LIMIT 1   [ RunTime:0.0002s ]
INFO: [ app_end ] --START--
INFO: Run Behavior\ShowPageTraceBehavior [ RunTime:0.000064s ]
INFO: [ app_end ] --END-- [ RunTime:0.000082s ]

